2020-04-22T09:36:42.075Z [jfrou] [INFO ] [1087004fc558fe77] [bootstrap.go:70               ] [main                ] - Router (jfrou) service initialization started. Version: 1.2.1 Revision: fe2dd4ed3212d39bdd665c92e17293e8071eb99d PID: 2718 Home: /opt/jfrog/artifactory
2020-04-22T09:36:42.075Z [jfrou] [INFO ] [1087004fc558fe77] [bootstrap.go:73               ] [main                ] - JFrog Router IP: 172.17.0.2
2020-04-22T09:36:47.078Z [jfrou] [INFO ] [1087004fc558fe77] [security_keys.go:114          ] [main                ] - Master key is missing. Pending for 5 seconds with 2m0s timeout
2020-04-22T09:36:52.128Z [jfrou] [INFO ] [1087004fc558fe77] [security_keys.go:114          ] [main                ] - Master key is missing. Pending for 10 seconds with 2m0s timeout
2020-04-22T09:36:57.182Z [jfrou] [INFO ] [1087004fc558fe77] [security_keys.go:114          ] [main                ] - Master key is missing. Pending for 15 seconds with 2m0s timeout
2020-04-22T09:37:02.296Z [jfrou] [INFO ] [1087004fc558fe77] [security_keys.go:114          ] [main                ] - Master key is missing. Pending for 20 seconds with 2m0s timeout
2020-04-22T09:37:07.302Z [jfrou] [INFO ] [1087004fc558fe77] [security_keys.go:128          ] [main                ] - Cluster join: Join key is missing. Pending for 25 seconds with 2m0s timeout
2020-04-22T09:37:11.308Z [jfrou] [INFO ] [1087004fc558fe77] [bootstrap.go:165              ] [main                ] - System configuration encryption report:
shared.newrelic.licenseKey: does not exist in the config file
shared.security.joinKeyFile: file '/opt/jfrog/artifactory/var/etc/security/join.key' - already encrypted
2020-04-22T09:37:11.314Z [jfrou] [INFO ] [1087004fc558fe77] [bootstrap.go:78               ] [main                ] - JFrog Router Service ID: jfrou@01e6gkz5mj75e8whsva5r4rjc6
2020-04-22T09:37:11.314Z [jfrou] [INFO ] [1087004fc558fe77] [bootstrap.go:79               ] [main                ] - JFrog Router Node ID: db83f8e6c1ad
2020-04-22T09:37:12.186Z [jfrou] [INFO ] [1087004fc558fe77] [config_holder.go:107          ] [main                ] - configuration update detected
2020-04-22T09:37:18.865Z [jfrou] [INFO ] [1087004fc558fe77] [join_executor.go:181          ] [main                ] - Cluster join: Successfully joined the cluster
2020-04-22T09:37:18.880Z [jfrou] [INFO ] [1087004fc558fe77] [main.go:47                    ] [main                ] - Router (jfrou) service initialization completed in 36.809 seconds. Listening on port: 8082
2020-04-22T09:37:38.891Z [jfrou] [INFO ] [2c632ad34b69c294] [local_topology.go:213         ] [main                ] - 
###############################################################
###   All services started successfully in 56.820 seconds   ###
###############################################################
2020-04-22T10:05:04.050Z [jfrou] [INFO ] [1087004fc558fe77] [config_holder.go:107          ] [main                ] - configuration update detected
2020-04-22T10:05:10.065Z [jfrou] [INFO ] [1087004fc558fe77] [config_holder.go:107          ] [main                ] - configuration update detected
2020-04-22T10:15:43.280Z [jfrou] [INFO ] [2ddc295c071486ed] [bootstrap.go:70               ] [main                ] - Router (jfrou) service initialization started. Version: 1.2.1 Revision: fe2dd4ed3212d39bdd665c92e17293e8071eb99d PID: 2841 Home: /opt/jfrog/artifactory
2020-04-22T10:15:43.281Z [jfrou] [INFO ] [2ddc295c071486ed] [bootstrap.go:73               ] [main                ] - JFrog Router IP: 172.18.0.3
2020-04-22T10:15:43.286Z [jfrou] [INFO ] [2ddc295c071486ed] [bootstrap.go:165              ] [main                ] - System configuration encryption report:
shared.newrelic.licenseKey: does not exist in the config file
shared.security.joinKeyFile: file '/opt/jfrog/artifactory/var/etc/security/join.key' - already encrypted
2020-04-22T10:15:43.287Z [jfrou] [INFO ] [2ddc295c071486ed] [bootstrap.go:78               ] [main                ] - JFrog Router Service ID: jfrou@01e6gkz5mj75e8whsva5r4rjc6
2020-04-22T10:15:43.289Z [jfrou] [INFO ] [2ddc295c071486ed] [bootstrap.go:79               ] [main                ] - JFrog Router Node ID: 6de808c7c4e9
2020-04-22T10:15:45.284Z [jfrou] [INFO ] [2ddc295c071486ed] [config_holder.go:107          ] [main                ] - configuration update detected
2020-04-22T10:16:18.206Z [jfrou] [INFO ] [2ddc295c071486ed] [join_executor.go:148          ] [main                ] - Cluster join: Retry 5: Service registry ping failed, will retry. Error: Get http://localhost:8040/access/api/v1/system/ping: net/http: request canceled (Client.Timeout exceeded while awaiting headers)
2020-04-22T10:16:29.472Z [jfrou] [INFO ] [2ddc295c071486ed] [join_executor.go:181          ] [main                ] - Cluster join: Successfully joined the cluster
2020-04-22T10:16:29.493Z [jfrou] [INFO ] [2ddc295c071486ed] [main.go:47                    ] [main                ] - Router (jfrou) service initialization completed in 46.216 seconds. Listening on port: 8082
2020-04-22T10:16:54.532Z [jfrou] [INFO ] [67ae616dc9620bdc] [local_topology.go:213         ] [main                ] - 
###############################################################
###   All services started successfully in 71.254 seconds   ###
###############################################################
2020-04-22T10:59:31.218Z [jfrou] [ERROR] [5f5332b8ee810922] [routing_handler.go:231        ] [main                ] - failed reading current external routes from file: /opt/jfrog/artifactory/var/data/router/traefik/routes/external/external-routes.toml error: open /opt/jfrog/artifactory/var/data/router/traefik/routes/external/external-routes.toml: permission denied
2020-04-22T10:59:31.223Z [jfrou] [ERROR] [5f5332b8ee810922] [external_topology.go:96       ] [main                ] - failed updating external topology routing rules: failed performing atomic write to file: '/opt/jfrog/artifactory/var/data/router/traefik/routes/external/external-routes.toml'; failed renaming file '/tmp/router069296471' to '/opt/jfrog/artifactory/var/data/router/traefik/routes/external/external-routes.toml'. error: open /opt/jfrog/artifactory/var/data/router/traefik/routes/external/external-routes.toml: permission denied
2020-04-22T10:59:34.226Z [jfrou] [ERROR] [75f3624b84f9f102] [routing_handler.go:231        ] [main                ] - failed reading current external routes from file: /opt/jfrog/artifactory/var/data/router/traefik/routes/external/external-routes.toml error: open /opt/jfrog/artifactory/var/data/router/traefik/routes/external/external-routes.toml: permission denied
2020-04-22T10:59:34.226Z [jfrou] [ERROR] [75f3624b84f9f102] [external_topology.go:96       ] [main                ] - failed updating external topology routing rules: failed performing atomic write to file: '/opt/jfrog/artifactory/var/data/router/traefik/routes/external/external-routes.toml'; failed renaming file '/tmp/router289128650' to '/opt/jfrog/artifactory/var/data/router/traefik/routes/external/external-routes.toml'. error: open /opt/jfrog/artifactory/var/data/router/traefik/routes/external/external-routes.toml: permission denied
2020-04-24T13:43:30.911Z [jfrou] [INFO ] [6eb3cebc922f3127] [bootstrap.go:70               ] [main                ] - Router (jfrou) service initialization started. Version: 1.2.1 Revision: fe2dd4ed3212d39bdd665c92e17293e8071eb99d PID: 3085 Home: /opt/jfrog/artifactory
2020-04-24T13:43:30.915Z [jfrou] [INFO ] [6eb3cebc922f3127] [bootstrap.go:73               ] [main                ] - JFrog Router IP: 192.168.48.2
2020-04-24T13:43:30.916Z [jfrou] [INFO ] [6eb3cebc922f3127] [bootstrap.go:165              ] [main                ] - System configuration encryption report:
shared.newrelic.licenseKey: does not exist in the config file
shared.security.joinKeyFile: file '/opt/jfrog/artifactory/var/etc/security/join.key' - already encrypted
2020-04-24T13:43:30.921Z [jfrou] [INFO ] [6eb3cebc922f3127] [bootstrap.go:78               ] [main                ] - JFrog Router Service ID: jfrou@01e6gkz5mj75e8whsva5r4rjc6
2020-04-24T13:43:30.921Z [jfrou] [INFO ] [6eb3cebc922f3127] [bootstrap.go:79               ] [main                ] - JFrog Router Node ID: 26651330011c
2020-04-24T13:43:32.912Z [jfrou] [INFO ] [6eb3cebc922f3127] [config_holder.go:107          ] [main                ] - configuration update detected
2020-04-24T13:43:50.280Z [jfrou] [INFO ] [6eb3cebc922f3127] [join_executor.go:148          ] [main                ] - Cluster join: Retry 5: Service registry ping failed, will retry. Error: Get http://localhost:8040/access/api/v1/system/ping: net/http: request canceled (Client.Timeout exceeded while awaiting headers)
2020-04-24T13:44:17.095Z [jfrou] [INFO ] [6eb3cebc922f3127] [join_executor.go:181          ] [main                ] - Cluster join: Successfully joined the cluster
2020-04-24T13:44:17.115Z [jfrou] [INFO ] [6eb3cebc922f3127] [main.go:47                    ] [main                ] - Router (jfrou) service initialization completed in 46.221 seconds. Listening on port: 8082
2020-04-24T13:44:37.146Z [jfrou] [INFO ] [339e929918abc978] [local_topology.go:213         ] [main                ] - 
###############################################################
###   All services started successfully in 66.252 seconds   ###
###############################################################
2020-04-27T11:35:06.531Z [jfrou] [INFO ] [3de3e5890dc2cfed] [bootstrap.go:70               ] [main                ] - Router (jfrou) service initialization started. Version: 1.2.1 Revision: fe2dd4ed3212d39bdd665c92e17293e8071eb99d PID: 3110 Home: /opt/jfrog/artifactory
2020-04-27T11:35:06.538Z [jfrou] [INFO ] [3de3e5890dc2cfed] [bootstrap.go:73               ] [main                ] - JFrog Router IP: 172.19.0.3
2020-04-27T11:35:06.550Z [jfrou] [INFO ] [3de3e5890dc2cfed] [bootstrap.go:165              ] [main                ] - System configuration encryption report:
shared.newrelic.licenseKey: does not exist in the config file
shared.security.joinKeyFile: file '/opt/jfrog/artifactory/var/etc/security/join.key' - already encrypted
2020-04-27T11:35:06.554Z [jfrou] [INFO ] [3de3e5890dc2cfed] [bootstrap.go:78               ] [main                ] - JFrog Router Service ID: jfrou@01e6gkz5mj75e8whsva5r4rjc6
2020-04-27T11:35:06.558Z [jfrou] [INFO ] [3de3e5890dc2cfed] [bootstrap.go:79               ] [main                ] - JFrog Router Node ID: 28ee9a1e4ce8
2020-04-27T11:35:08.535Z [jfrou] [INFO ] [3de3e5890dc2cfed] [config_holder.go:107          ] [main                ] - configuration update detected
2020-04-27T11:35:42.110Z [jfrou] [INFO ] [3de3e5890dc2cfed] [join_executor.go:148          ] [main                ] - Cluster join: Retry 5: Service registry ping failed, will retry. Error: Get http://localhost:8040/access/api/v1/system/ping: net/http: request canceled (Client.Timeout exceeded while awaiting headers)
2020-04-27T11:35:54.268Z [jfrou] [INFO ] [3de3e5890dc2cfed] [join_executor.go:181          ] [main                ] - Cluster join: Successfully joined the cluster
2020-04-27T11:35:54.286Z [jfrou] [INFO ] [3de3e5890dc2cfed] [main.go:47                    ] [main                ] - Router (jfrou) service initialization completed in 47.767 seconds. Listening on port: 8082
2020-04-27T11:36:19.308Z [jfrou] [INFO ] [3c72ec99ac35fe7c] [local_topology.go:213         ] [main                ] - 
###############################################################
###   All services started successfully in 72.789 seconds   ###
###############################################################
2020-05-08T16:36:36.640Z [jfrou] [INFO ] [430f8e1650f8c3a4] [bootstrap.go:70               ] [main                ] - Router (jfrou) service initialization started. Version: 1.2.1 Revision: fe2dd4ed3212d39bdd665c92e17293e8071eb99d PID: 2890 Home: /opt/jfrog/artifactory
2020-05-08T16:36:36.664Z [jfrou] [INFO ] [430f8e1650f8c3a4] [bootstrap.go:73               ] [main                ] - JFrog Router IP: 172.18.0.4
2020-05-08T16:36:36.672Z [jfrou] [INFO ] [430f8e1650f8c3a4] [bootstrap.go:165              ] [main                ] - System configuration encryption report:
shared.newrelic.licenseKey: does not exist in the config file
shared.security.joinKeyFile: file '/opt/jfrog/artifactory/var/etc/security/join.key' - already encrypted
2020-05-08T16:36:36.679Z [jfrou] [INFO ] [430f8e1650f8c3a4] [bootstrap.go:78               ] [main                ] - JFrog Router Service ID: jfrou@01e6gkz5mj75e8whsva5r4rjc6
2020-05-08T16:36:36.679Z [jfrou] [INFO ] [430f8e1650f8c3a4] [bootstrap.go:79               ] [main                ] - JFrog Router Node ID: 43d921f25f12
2020-05-08T16:36:38.634Z [jfrou] [INFO ] [430f8e1650f8c3a4] [config_holder.go:107          ] [main                ] - configuration update detected
2020-05-08T16:36:56.241Z [jfrou] [INFO ] [430f8e1650f8c3a4] [join_executor.go:148          ] [main                ] - Cluster join: Retry 5: Service registry ping failed, will retry. Error: Get http://localhost:8040/access/api/v1/system/ping: net/http: request canceled (Client.Timeout exceeded while awaiting headers)
2020-05-08T16:37:54.434Z [jfrou] [INFO ] [430f8e1650f8c3a4] [join_executor.go:181          ] [main                ] - Cluster join: Successfully joined the cluster
2020-05-08T16:37:54.514Z [jfrou] [INFO ] [430f8e1650f8c3a4] [main.go:47                    ] [main                ] - Router (jfrou) service initialization completed in 77.942 seconds. Listening on port: 8082
2020-05-08T16:38:19.538Z [jfrou] [INFO ] [4c9938da00ec4c5a] [local_topology.go:213         ] [main                ] - 
################################################################
###   All services started successfully in 102.965 seconds   ###
################################################################
2020-05-13T11:49:22.980Z [jfrou] [INFO ] [7c9b68f8974d79cc] [bootstrap.go:70               ] [main                ] - Router (jfrou) service initialization started. Version: 1.2.1 Revision: fe2dd4ed3212d39bdd665c92e17293e8071eb99d PID: 2871 Home: /opt/jfrog/artifactory
2020-05-13T11:49:22.989Z [jfrou] [INFO ] [7c9b68f8974d79cc] [bootstrap.go:73               ] [main                ] - JFrog Router IP: 172.19.0.3
2020-05-13T11:49:23.004Z [jfrou] [INFO ] [7c9b68f8974d79cc] [bootstrap.go:165              ] [main                ] - System configuration encryption report:
shared.newrelic.licenseKey: does not exist in the config file
shared.security.joinKeyFile: file '/opt/jfrog/artifactory/var/etc/security/join.key' - already encrypted
2020-05-13T11:49:23.008Z [jfrou] [INFO ] [7c9b68f8974d79cc] [bootstrap.go:78               ] [main                ] - JFrog Router Service ID: jfrou@01e6gkz5mj75e8whsva5r4rjc6
2020-05-13T11:49:23.008Z [jfrou] [INFO ] [7c9b68f8974d79cc] [bootstrap.go:79               ] [main                ] - JFrog Router Node ID: 13af29d5bfc0
2020-05-13T11:49:24.996Z [jfrou] [INFO ] [7c9b68f8974d79cc] [config_holder.go:107          ] [main                ] - configuration update detected
2020-05-13T11:49:58.643Z [jfrou] [INFO ] [7c9b68f8974d79cc] [join_executor.go:148          ] [main                ] - Cluster join: Retry 5: Service registry ping failed, will retry. Error: Get http://localhost:8040/access/api/v1/system/ping: context deadline exceeded (Client.Timeout exceeded while awaiting headers)
2020-05-13T11:50:10.574Z [jfrou] [INFO ] [7c9b68f8974d79cc] [join_executor.go:181          ] [main                ] - Cluster join: Successfully joined the cluster
2020-05-13T11:50:10.595Z [jfrou] [INFO ] [7c9b68f8974d79cc] [main.go:47                    ] [main                ] - Router (jfrou) service initialization completed in 47.643 seconds. Listening on port: 8082
2020-05-13T11:50:30.609Z [jfrou] [INFO ] [148e10d381899ec0] [local_topology.go:213         ] [main                ] - 
###############################################################
###   All services started successfully in 67.657 seconds   ###
###############################################################
2020-09-16T16:44:41.148Z [jfrou] [INFO ] [23fec2c984b5eab2] [bootstrap.go:71               ] [main                ] - Router (jfrou) service initialization started. Version: 1.4.2 Revision: 04f9b835bcb908f9bb8d4743e64903e077f5b1ad PID: 4543 Home: /opt/jfrog/artifactory
2020-09-16T16:44:41.150Z [jfrou] [INFO ] [23fec2c984b5eab2] [bootstrap.go:74               ] [main                ] - JFrog Router IP: 172.20.0.2
2020-09-16T16:44:41.152Z [jfrou] [INFO ] [23fec2c984b5eab2] [bootstrap.go:175              ] [main                ] - System configuration encryption report:
shared.newrelic.licenseKey: does not exist in the config file
shared.security.joinKeyFile: file '/opt/jfrog/artifactory/var/etc/security/join.key' - already encrypted
2020-09-16T16:44:41.153Z [jfrou] [INFO ] [23fec2c984b5eab2] [bootstrap.go:79               ] [main                ] - JFrog Router Service ID: jfrou@01e6gkz5mj75e8whsva5r4rjc6
2020-09-16T16:44:41.153Z [jfrou] [INFO ] [23fec2c984b5eab2] [bootstrap.go:80               ] [main                ] - JFrog Router Node ID: 82f38b72d19c
2020-09-16T16:44:41.182Z [jfrou] [INFO ] [23fec2c984b5eab2] [http_client_holder.go:155     ] [main                ] - System cert pool contents were loaded as trusted CAs for TLS communication
2020-09-16T16:44:41.183Z [jfrou] [INFO ] [23fec2c984b5eab2] [http_client_holder.go:175     ] [main                ] - Following certificates were successfully loaded as trusted CAs for TLS communication:
[/opt/jfrog/artifactory/var/data/router/keys/trusted/access-root-ca.crt]
2020-09-16T16:44:43.169Z [jfrou] [INFO ] [23fec2c984b5eab2] [config_holder.go:107          ] [main                ] - Configuration update detected
2020-09-16T16:44:59.180Z [jfrou] [INFO ] [23fec2c984b5eab2] [join_executor.go:188          ] [main                ] - Cluster join: Successfully joined the cluster
2020-09-16T16:44:59.181Z [jfrou] [INFO ] [23fec2c984b5eab2] [http_client_holder.go:155     ] [main                ] - System cert pool contents were loaded as trusted CAs for TLS communication
2020-09-16T16:44:59.181Z [jfrou] [INFO ] [23fec2c984b5eab2] [http_client_holder.go:175     ] [main                ] - Following certificates were successfully loaded as trusted CAs for TLS communication:
[/opt/jfrog/artifactory/var/data/router/keys/trusted/access-root-ca.crt]
2020-09-16T16:44:59.219Z [jfrou] [INFO ] [23fec2c984b5eab2] [main.go:47                    ] [main                ] - Router (jfrou) service initialization completed in 18.077 seconds. Listening on port: 8082
2020-09-16T16:45:14.261Z [jfrou] [INFO ] [202cfbdca71d0e92] [local_topology.go:213         ] [main                ] - 
###############################################################
###   All services started successfully in 33.118 seconds   ###
###############################################################
2020-09-16T16:46:04.274Z [jfrou] [INFO ] [3637637b3e2d23c9] [bootstrap.go:71               ] [main                ] - Router (jfrou) service initialization started. Version: 1.4.2 Revision: 04f9b835bcb908f9bb8d4743e64903e077f5b1ad PID: 3794 Home: /opt/jfrog/artifactory
2020-09-16T16:46:04.287Z [jfrou] [INFO ] [3637637b3e2d23c9] [bootstrap.go:74               ] [main                ] - JFrog Router IP: 172.21.0.2
2020-09-16T16:46:04.288Z [jfrou] [INFO ] [3637637b3e2d23c9] [bootstrap.go:175              ] [main                ] - System configuration encryption report:
shared.newrelic.licenseKey: does not exist in the config file
shared.security.joinKeyFile: file '/opt/jfrog/artifactory/var/etc/security/join.key' - already encrypted
2020-09-16T16:46:04.289Z [jfrou] [INFO ] [3637637b3e2d23c9] [bootstrap.go:79               ] [main                ] - JFrog Router Service ID: jfrou@01e6gkz5mj75e8whsva5r4rjc6
2020-09-16T16:46:04.289Z [jfrou] [INFO ] [3637637b3e2d23c9] [bootstrap.go:80               ] [main                ] - JFrog Router Node ID: 97de886ddbba
2020-09-16T16:46:04.318Z [jfrou] [INFO ] [3637637b3e2d23c9] [http_client_holder.go:155     ] [main                ] - System cert pool contents were loaded as trusted CAs for TLS communication
2020-09-16T16:46:04.318Z [jfrou] [INFO ] [3637637b3e2d23c9] [http_client_holder.go:175     ] [main                ] - Following certificates were successfully loaded as trusted CAs for TLS communication:
[/opt/jfrog/artifactory/var/data/router/keys/trusted/access-root-ca.crt]
2020-09-16T16:46:06.275Z [jfrou] [INFO ] [3637637b3e2d23c9] [config_holder.go:107          ] [main                ] - Configuration update detected
2020-09-16T16:46:28.861Z [jfrou] [INFO ] [3637637b3e2d23c9] [join_executor.go:188          ] [main                ] - Cluster join: Successfully joined the cluster
2020-09-16T16:46:28.862Z [jfrou] [INFO ] [3637637b3e2d23c9] [http_client_holder.go:155     ] [main                ] - System cert pool contents were loaded as trusted CAs for TLS communication
2020-09-16T16:46:28.862Z [jfrou] [INFO ] [3637637b3e2d23c9] [http_client_holder.go:175     ] [main                ] - Following certificates were successfully loaded as trusted CAs for TLS communication:
[/opt/jfrog/artifactory/var/data/router/keys/trusted/access-root-ca.crt]
2020-09-16T16:46:28.873Z [jfrou] [INFO ] [3637637b3e2d23c9] [main.go:47                    ] [main                ] - Router (jfrou) service initialization completed in 24.602 seconds. Listening on port: 8082
2020-09-16T16:46:48.897Z [jfrou] [INFO ] [676bce754df85110] [local_topology.go:213         ] [main                ] - 
###############################################################
###   All services started successfully in 44.626 seconds   ###
###############################################################
2021-05-05T12:31:04.772Z [jfrou] [INFO ] [4da273cc05fe4a01] [bootstrap.go:76               ] [main                ] - Router (jfrou) service initialization started. Version: 7.18.2-1 Revision: 6804b8fc8cccabfa14876d26a92e2fa20a59e232 PID: 3832 Home: /opt/jfrog/artifactory
2021-05-05T12:31:04.774Z [jfrou] [INFO ] [4da273cc05fe4a01] [bootstrap.go:79               ] [main                ] - JFrog Router IP: 172.18.0.4
2021-05-05T12:31:04.775Z [jfrou] [INFO ] [4da273cc05fe4a01] [bootstrap.go:192              ] [main                ] - System configuration encryption report:
shared.newrelic.licenseKey: does not exist in the config file
shared.security.joinKeyFile: file '/opt/jfrog/artifactory/var/etc/security/join.key' - already encrypted
2021-05-05T12:31:04.779Z [jfrou] [INFO ] [4da273cc05fe4a01] [bootstrap.go:84               ] [main                ] - JFrog Router Service ID: jfrou@01e6gkz5mj75e8whsva5r4rjc6
2021-05-05T12:31:04.779Z [jfrou] [INFO ] [4da273cc05fe4a01] [bootstrap.go:85               ] [main                ] - JFrog Router Node ID: 71e9048eeaf5
2021-05-05T12:31:04.816Z [jfrou] [INFO ] [4da273cc05fe4a01] [http_client_holder.go:155     ] [main                ] - System cert pool contents were loaded as trusted CAs for TLS communication
2021-05-05T12:31:04.856Z [jfrou] [INFO ] [4da273cc05fe4a01] [http_client_holder.go:175     ] [main                ] - Following certificates were successfully loaded as trusted CAs for TLS communication:
[/opt/jfrog/artifactory/var/data/router/keys/trusted/access-root-ca.crt]
2021-05-05T12:31:06.766Z [jfrou] [INFO ] [4da273cc05fe4a01] [config_holder.go:107          ] [main                ] - Configuration update detected
2021-05-05T12:31:27.963Z [jfrou] [INFO ] [4da273cc05fe4a01] [join_executor.go:116          ] [main                ] - Cluster join: Trying to rejoin the cluster
2021-05-05T12:31:28.631Z [jfrou] [INFO ] [4da273cc05fe4a01] [join_executor.go:205          ] [main                ] - Cluster join: Successfully joined the cluster
2021-05-05T12:31:29.138Z [jfrou] [INFO ] [4da273cc05fe4a01] [http_client_holder.go:155     ] [main                ] - System cert pool contents were loaded as trusted CAs for TLS communication
2021-05-05T12:31:29.139Z [jfrou] [INFO ] [4da273cc05fe4a01] [http_client_holder.go:175     ] [main                ] - Following certificates were successfully loaded as trusted CAs for TLS communication:
[/opt/jfrog/artifactory/var/data/router/keys/trusted/access-root-ca.crt]
2021-05-05T12:31:29.163Z [jfrou] [INFO ] [4da273cc05fe4a01] [main.go:47                    ] [main                ] - Router (jfrou) service initialization completed in 24.399 seconds. Listening on port: 8082
2021-05-05T12:31:44.184Z [jfrou] [INFO ] [58d014793856cd86] [local_topology.go:258         ] [main                ] - 
###############################################################
###   All services started successfully in 39.419 seconds   ###
###############################################################
2021-05-05T12:53:36.780Z [jfrou] [ERROR] [65d05fdf33597c66] [routing_handler.go:239        ] [main                ] - Failed reading current external routes from file: /opt/jfrog/artifactory/var/data/router/traefik/routes/external/external-routes.toml error: open /opt/jfrog/artifactory/var/data/router/traefik/routes/external/external-routes.toml: permission denied
2021-05-05T12:53:36.781Z [jfrou] [ERROR] [65d05fdf33597c66] [external_topology.go:96       ] [main                ] - Failed updating external topology routing rules: failed performing atomic write to file: '/opt/jfrog/artifactory/var/data/router/traefik/routes/external/external-routes.toml'; failed renaming file '/tmp/router396845337' to '/opt/jfrog/artifactory/var/data/router/traefik/routes/external/external-routes.toml'. error: open /opt/jfrog/artifactory/var/data/router/traefik/routes/external/external-routes.toml: permission denied
2021-05-05T12:53:39.769Z [jfrou] [ERROR] [455402a94a816d84] [routing_handler.go:239        ] [main                ] - Failed reading current external routes from file: /opt/jfrog/artifactory/var/data/router/traefik/routes/external/external-routes.toml error: open /opt/jfrog/artifactory/var/data/router/traefik/routes/external/external-routes.toml: permission denied
2021-05-05T12:53:39.769Z [jfrou] [ERROR] [455402a94a816d84] [external_topology.go:96       ] [main                ] - Failed updating external topology routing rules: failed performing atomic write to file: '/opt/jfrog/artifactory/var/data/router/traefik/routes/external/external-routes.toml'; failed renaming file '/tmp/router157817252' to '/opt/jfrog/artifactory/var/data/router/traefik/routes/external/external-routes.toml'. error: open /opt/jfrog/artifactory/var/data/router/traefik/routes/external/external-routes.toml: permission denied
2021-05-05T12:53:40.046Z [jfrou] [ERROR] [2b8cdcb9b35263ee] [local_topology.go:261         ] [main                ] - Failed creating unhealthy node routing rule, incoming requests will be routed to local services
2021-05-24T17:58:12.974Z [jfrou] [INFO ] [205d647a90c91ef0] [bootstrap.go:76               ] [main                ] - Router (jfrou) service initialization started. Version: 7.19.4-1 Revision: a650c79d3af810e94b7a9f7f2d843c669475b700 PID: 3854 Home: /opt/jfrog/artifactory
2021-05-24T17:58:12.975Z [jfrou] [INFO ] [205d647a90c91ef0] [bootstrap.go:79               ] [main                ] - JFrog Router IP: 172.18.0.3
2021-05-24T17:58:12.978Z [jfrou] [INFO ] [205d647a90c91ef0] [bootstrap.go:192              ] [main                ] - System configuration encryption report:
shared.newrelic.licenseKey: does not exist in the config file
shared.security.joinKeyFile: file '/opt/jfrog/artifactory/var/etc/security/join.key' - already encrypted
2021-05-24T17:58:12.981Z [jfrou] [INFO ] [205d647a90c91ef0] [bootstrap.go:84               ] [main                ] - JFrog Router Service ID: jfrou@01e6gkz5mj75e8whsva5r4rjc6
2021-05-24T17:58:12.981Z [jfrou] [INFO ] [205d647a90c91ef0] [bootstrap.go:85               ] [main                ] - JFrog Router Node ID: 2702a0148dca
2021-05-24T17:58:12.998Z [jfrou] [INFO ] [205d647a90c91ef0] [http_client_holder.go:155     ] [main                ] - System cert pool contents were loaded as trusted CAs for TLS communication
2021-05-24T17:58:12.999Z [jfrou] [INFO ] [205d647a90c91ef0] [http_client_holder.go:175     ] [main                ] - Following certificates were successfully loaded as trusted CAs for TLS communication:
[/opt/jfrog/artifactory/var/data/router/keys/trusted/access-root-ca.crt]
2021-05-24T17:58:14.974Z [jfrou] [INFO ] [205d647a90c91ef0] [config_holder.go:107          ] [main                ] - Configuration update detected
2021-05-24T17:58:32.208Z [jfrou] [INFO ] [205d647a90c91ef0] [join_executor.go:165          ] [main                ] - Cluster join: Retry 5: Service registry ping failed, will retry. Error: Get "http://localhost:8040/access/api/v1/system/ping": net/http: request canceled (Client.Timeout exceeded while awaiting headers)
2021-05-24T17:59:23.213Z [jfrou] [INFO ] [205d647a90c91ef0] [join_executor.go:116          ] [main                ] - Cluster join: Trying to rejoin the cluster
2021-05-24T17:59:24.452Z [jfrou] [INFO ] [205d647a90c91ef0] [join_executor.go:205          ] [main                ] - Cluster join: Successfully joined the cluster
2021-05-24T17:59:24.454Z [jfrou] [INFO ] [205d647a90c91ef0] [http_client_holder.go:155     ] [main                ] - System cert pool contents were loaded as trusted CAs for TLS communication
2021-05-24T17:59:24.454Z [jfrou] [INFO ] [205d647a90c91ef0] [http_client_holder.go:175     ] [main                ] - Following certificates were successfully loaded as trusted CAs for TLS communication:
[/opt/jfrog/artifactory/var/data/router/keys/trusted/access-root-ca.crt]
2021-05-24T17:59:24.481Z [jfrou] [INFO ] [205d647a90c91ef0] [main.go:47                    ] [main                ] - Router (jfrou) service initialization completed in 71.505 seconds. Listening on port: 8082
2021-05-24T17:59:54.524Z [jfrou] [INFO ] [4f9a5e10666313b3] [local_topology.go:258         ] [main                ] - 
################################################################
###   All services started successfully in 101.554 seconds   ###
################################################################
2021-05-25T09:59:09.007Z [jfrou] [INFO ] [27980256a3579873] [bootstrap.go:76               ] [main                ] - Router (jfrou) service initialization started. Version: 7.19.4-1 Revision: a650c79d3af810e94b7a9f7f2d843c669475b700 PID: 3113 Home: /opt/jfrog/artifactory
2021-05-25T09:59:09.074Z [jfrou] [INFO ] [27980256a3579873] [bootstrap.go:79               ] [main                ] - JFrog Router IP: 172.18.0.4
2021-05-25T09:59:09.078Z [jfrou] [INFO ] [27980256a3579873] [bootstrap.go:192              ] [main                ] - System configuration encryption report:
shared.newrelic.licenseKey: does not exist in the config file
shared.security.joinKeyFile: file '/opt/jfrog/artifactory/var/etc/security/join.key' - already encrypted
2021-05-25T09:59:09.084Z [jfrou] [INFO ] [27980256a3579873] [bootstrap.go:84               ] [main                ] - JFrog Router Service ID: jfrou@01e6gkz5mj75e8whsva5r4rjc6
2021-05-25T09:59:09.084Z [jfrou] [INFO ] [27980256a3579873] [bootstrap.go:85               ] [main                ] - JFrog Router Node ID: 2702a0148dca
2021-05-25T09:59:09.200Z [jfrou] [INFO ] [27980256a3579873] [http_client_holder.go:155     ] [main                ] - System cert pool contents were loaded as trusted CAs for TLS communication
2021-05-25T09:59:09.200Z [jfrou] [INFO ] [27980256a3579873] [http_client_holder.go:175     ] [main                ] - Following certificates were successfully loaded as trusted CAs for TLS communication:
[/opt/jfrog/artifactory/var/data/router/keys/trusted/access-root-ca.crt]
2021-05-25T09:59:11.009Z [jfrou] [INFO ] [27980256a3579873] [config_holder.go:107          ] [main                ] - Configuration update detected
2021-05-25T09:59:28.584Z [jfrou] [INFO ] [27980256a3579873] [join_executor.go:165          ] [main                ] - Cluster join: Retry 5: Service registry ping failed, will retry. Error: Get "http://localhost:8040/access/api/v1/system/ping": net/http: request canceled (Client.Timeout exceeded while awaiting headers)
2021-05-25T09:59:41.963Z [jfrou] [INFO ] [27980256a3579873] [join_executor.go:116          ] [main                ] - Cluster join: Trying to rejoin the cluster
2021-05-25T09:59:42.773Z [jfrou] [INFO ] [27980256a3579873] [join_executor.go:205          ] [main                ] - Cluster join: Successfully joined the cluster
2021-05-25T09:59:42.775Z [jfrou] [INFO ] [27980256a3579873] [http_client_holder.go:155     ] [main                ] - System cert pool contents were loaded as trusted CAs for TLS communication
2021-05-25T09:59:42.776Z [jfrou] [INFO ] [27980256a3579873] [http_client_holder.go:175     ] [main                ] - Following certificates were successfully loaded as trusted CAs for TLS communication:
[/opt/jfrog/artifactory/var/data/router/keys/trusted/access-root-ca.crt]
2021-05-25T09:59:42.785Z [jfrou] [INFO ] [27980256a3579873] [registry_handler.go:89        ] [main                ] - The following services were restored automatically based on persisted data: jfac@01e6gkyy91wa2f00f3fdsf0gme, jffe@000, jfmd@01e6gkz74qm614k82x689eq128, jfrt@01e6gkzhtba2gz14rj5jrj009s
2021-05-25T09:59:42.811Z [jfrou] [INFO ] [27980256a3579873] [main.go:47                    ] [main                ] - Router (jfrou) service initialization completed in 33.807 seconds. Listening on port: 8082
2021-05-25T09:59:57.831Z [jfrou] [INFO ] [39ab3ce9fb0b7493] [local_topology.go:258         ] [main                ] - 
###############################################################
###   All services started successfully in 48.826 seconds   ###
###############################################################
2021-05-25T10:03:26.266Z [jfrou] [ERROR] [131c9c63d58fa96d] [external_topology.go:82       ] [main                ] - Failed fetching external topology from Access: Get "http://localhost:8040/access/api/v1/topology": read tcp 127.0.0.1:40194->127.0.0.1:8040: read: connection reset by peer
2021-05-25T10:03:27.946Z [jfrou] [ERROR] [7d7d15663f9639eb] [external_topology.go:82       ] [main                ] - Failed fetching external topology from Access: Get "http://localhost:8040/access/api/v1/topology": dial tcp 127.0.0.1:8040: connect: connection refused
2021-05-25T10:03:30.945Z [jfrou] [ERROR] [495bfd149a967b01] [external_topology.go:82       ] [main                ] - Failed fetching external topology from Access: Get "http://localhost:8040/access/api/v1/topology": dial tcp 127.0.0.1:8040: connect: connection refused
2021-05-25T10:03:31.160Z [jfrou] [INFO ] [27980256a3579873] [application.go:69             ] [main                ] - Received OS signal: terminated
2021-05-25T10:03:31.160Z [jfrou] [INFO ] [27980256a3579873] [main.go:52                    ] [main                ] - Shutting down
2021-05-25T10:03:31.215Z [jfrou] [ERROR] [2d637b6b77dd2f8 ] [local_topology.go:293         ] [main                ] - Could not perform shutdown heartbeat: context canceled. last error: failed sending heartbeat information to Access: failed closing Access grpc client: rpc error: code = Unimplemented desc = Not Found: HTTP status code 404; transport: received the unexpected content-type "text/plain; charset=utf-8"
2021-05-25T10:03:43.292Z [jfrou] [INFO ] [698884c593742e16] [bootstrap.go:76               ] [main                ] - Router (jfrou) service initialization started. Version: 7.19.4-1 Revision: a650c79d3af810e94b7a9f7f2d843c669475b700 PID: 3092 Home: /opt/jfrog/artifactory
2021-05-25T10:03:43.296Z [jfrou] [INFO ] [698884c593742e16] [bootstrap.go:79               ] [main                ] - JFrog Router IP: 172.18.0.2
2021-05-25T10:03:43.305Z [jfrou] [INFO ] [698884c593742e16] [bootstrap.go:192              ] [main                ] - System configuration encryption report:
shared.newrelic.licenseKey: does not exist in the config file
shared.security.joinKeyFile: file '/opt/jfrog/artifactory/var/etc/security/join.key' - already encrypted
2021-05-25T10:03:43.308Z [jfrou] [INFO ] [698884c593742e16] [bootstrap.go:84               ] [main                ] - JFrog Router Service ID: jfrou@01e6gkz5mj75e8whsva5r4rjc6
2021-05-25T10:03:43.308Z [jfrou] [INFO ] [698884c593742e16] [bootstrap.go:85               ] [main                ] - JFrog Router Node ID: 2702a0148dca
2021-05-25T10:03:43.327Z [jfrou] [INFO ] [698884c593742e16] [http_client_holder.go:155     ] [main                ] - System cert pool contents were loaded as trusted CAs for TLS communication
2021-05-25T10:03:43.328Z [jfrou] [INFO ] [698884c593742e16] [http_client_holder.go:175     ] [main                ] - Following certificates were successfully loaded as trusted CAs for TLS communication:
[/opt/jfrog/artifactory/var/data/router/keys/trusted/access-root-ca.crt]
2021-05-25T10:03:45.297Z [jfrou] [INFO ] [698884c593742e16] [config_holder.go:107          ] [main                ] - Configuration update detected
2021-05-25T10:04:07.123Z [jfrou] [INFO ] [698884c593742e16] [join_executor.go:116          ] [main                ] - Cluster join: Trying to rejoin the cluster
2021-05-25T10:04:07.987Z [jfrou] [INFO ] [698884c593742e16] [join_executor.go:205          ] [main                ] - Cluster join: Successfully joined the cluster
2021-05-25T10:04:07.993Z [jfrou] [INFO ] [698884c593742e16] [http_client_holder.go:155     ] [main                ] - System cert pool contents were loaded as trusted CAs for TLS communication
2021-05-25T10:04:07.993Z [jfrou] [INFO ] [698884c593742e16] [http_client_holder.go:175     ] [main                ] - Following certificates were successfully loaded as trusted CAs for TLS communication:
[/opt/jfrog/artifactory/var/data/router/keys/trusted/access-root-ca.crt]
2021-05-25T10:04:07.999Z [jfrou] [INFO ] [698884c593742e16] [registry_handler.go:89        ] [main                ] - The following services were restored automatically based on persisted data: jffe@000, jfmd@01e6gkz74qm614k82x689eq128
2021-05-25T10:04:08.014Z [jfrou] [INFO ] [698884c593742e16] [main.go:47                    ] [main                ] - Router (jfrou) service initialization completed in 24.728 seconds. Listening on port: 8082
2021-05-25T10:04:33.032Z [jfrou] [INFO ] [4fb1534251665e7a] [local_topology.go:258         ] [main                ] - 
###############################################################
###   All services started successfully in 49.746 seconds   ###
###############################################################
